number,value,datetime_start,datetime_complete,duration,params_seed,system_attrs_grid_id,system_attrs_search_space,state
0,1351947.3910331726,2026-02-18 13:53:54.509282,2026-02-18 13:58:15.026350,0 days 00:04:20.517068,67,0,"{'seed': [521, 737, 740, 660, 411, 678, 626, 513, 859, 136, 811, 76, 636, 973, 938, 899, 280, 883, 761, 319, 549, 174, 371, 527, 210, 235, 101, 986, 902, 947, 346, 139, 621, 499, 370, 198, 687, 584, 901, 59, 328, 96, 312, 974, 299, 277, 924, 601, 439, 837, 570, 879, 261, 578, 23, 30, 617, 10, 221, 820, 296, 54, 542, 209, 604, 692, 662, 866, 70, 543, 107, 493, 590, 741, 292, 289, 652, 39, 589, 307, 679, 66, 275, 67, 318, 548, 998, 714, 753, 327, 382, 451, 522, 218, 787, 436, 764, 88, 63, 826]}",COMPLETE
1,1313194.0727233887,2026-02-18 13:58:15.026964,2026-02-18 14:02:30.004606,0 days 00:04:14.977642,578,1,"{'seed': [521, 737, 740, 660, 411, 678, 626, 513, 859, 136, 811, 76, 636, 973, 938, 899, 280, 883, 761, 319, 549, 174, 371, 527, 210, 235, 101, 986, 902, 947, 346, 139, 621, 499, 370, 198, 687, 584, 901, 59, 328, 96, 312, 974, 299, 277, 924, 601, 439, 837, 570, 879, 261, 578, 23, 30, 617, 10, 221, 820, 296, 54, 542, 209, 604, 692, 662, 866, 70, 543, 107, 493, 590, 741, 292, 289, 652, 39, 589, 307, 679, 66, 275, 67, 318, 548, 998, 714, 753, 327, 382, 451, 522, 218, 787, 436, 764, 88, 63, 826]}",COMPLETE
2,1311177.6866912842,2026-02-18 14:02:30.005220,2026-02-18 14:06:55.071738,0 days 00:04:25.066518,107,2,"{'seed': [521, 737, 740, 660, 411, 678, 626, 513, 859, 136, 811, 76, 636, 973, 938, 899, 280, 883, 761, 319, 549, 174, 371, 527, 210, 235, 101, 986, 902, 947, 346, 139, 621, 499, 370, 198, 687, 584, 901, 59, 328, 96, 312, 974, 299, 277, 924, 601, 439, 837, 570, 879, 261, 578, 23, 30, 617, 10, 221, 820, 296, 54, 542, 209, 604, 692, 662, 866, 70, 543, 107, 493, 590, 741, 292, 289, 652, 39, 589, 307, 679, 66, 275, 67, 318, 548, 998, 714, 753, 327, 382, 451, 522, 218, 787, 436, 764, 88, 63, 826]}",COMPLETE
3,1237073.6932754517,2026-02-18 14:06:55.072239,2026-02-18 14:11:05.634649,0 days 00:04:10.562410,277,3,"{'seed': [521, 737, 740, 660, 411, 678, 626, 513, 859, 136, 811, 76, 636, 973, 938, 899, 280, 883, 761, 319, 549, 174, 371, 527, 210, 235, 101, 986, 902, 947, 346, 139, 621, 499, 370, 198, 687, 584, 901, 59, 328, 96, 312, 974, 299, 277, 924, 601, 439, 837, 570, 879, 261, 578, 23, 30, 617, 10, 221, 820, 296, 54, 542, 209, 604, 692, 662, 866, 70, 543, 107, 493, 590, 741, 292, 289, 652, 39, 589, 307, 679, 66, 275, 67, 318, 548, 998, 714, 753, 327, 382, 451, 522, 218, 787, 436, 764, 88, 63, 826]}",COMPLETE
4,1236135.1840496063,2026-02-18 14:11:05.635167,2026-02-18 14:15:04.786681,0 days 00:03:59.151514,299,4,"{'seed': [521, 737, 740, 660, 411, 678, 626, 513, 859, 136, 811, 76, 636, 973, 938, 899, 280, 883, 761, 319, 549, 174, 371, 527, 210, 235, 101, 986, 902, 947, 346, 139, 621, 499, 370, 198, 687, 584, 901, 59, 328, 96, 312, 974, 299, 277, 924, 601, 439, 837, 570, 879, 261, 578, 23, 30, 617, 10, 221, 820, 296, 54, 542, 209, 604, 692, 662, 866, 70, 543, 107, 493, 590, 741, 292, 289, 652, 39, 589, 307, 679, 66, 275, 67, 318, 548, 998, 714, 753, 327, 382, 451, 522, 218, 787, 436, 764, 88, 63, 826]}",COMPLETE
5,1210062.9615783691,2026-02-18 14:15:04.787185,2026-02-18 14:18:27.875913,0 days 00:03:23.088728,59,5,"{'seed': [521, 737, 740, 660, 411, 678, 626, 513, 859, 136, 811, 76, 636, 973, 938, 899, 280, 883, 761, 319, 549, 174, 371, 527, 210, 235, 101, 986, 902, 947, 346, 139, 621, 499, 370, 198, 687, 584, 901, 59, 328, 96, 312, 974, 299, 277, 924, 601, 439, 837, 570, 879, 261, 578, 23, 30, 617, 10, 221, 820, 296, 54, 542, 209, 604, 692, 662, 866, 70, 543, 107, 493, 590, 741, 292, 289, 652, 39, 589, 307, 679, 66, 275, 67, 318, 548, 998, 714, 753, 327, 382, 451, 522, 218, 787, 436, 764, 88, 63, 826]}",COMPLETE
6,1232257.2462558746,2026-02-18 14:18:27.876389,2026-02-18 14:21:50.175216,0 days 00:03:22.298827,371,6,"{'seed': [521, 737, 740, 660, 411, 678, 626, 513, 859, 136, 811, 76, 636, 973, 938, 899, 280, 883, 761, 319, 549, 174, 371, 527, 210, 235, 101, 986, 902, 947, 346, 139, 621, 499, 370, 198, 687, 584, 901, 59, 328, 96, 312, 974, 299, 277, 924, 601, 439, 837, 570, 879, 261, 578, 23, 30, 617, 10, 221, 820, 296, 54, 542, 209, 604, 692, 662, 866, 70, 543, 107, 493, 590, 741, 292, 289, 652, 39, 589, 307, 679, 66, 275, 67, 318, 548, 998, 714, 753, 327, 382, 451, 522, 218, 787, 436, 764, 88, 63, 826]}",COMPLETE
7,1235160.2311134338,2026-02-18 14:21:50.175738,2026-02-18 14:25:07.926269,0 days 00:03:17.750531,679,7,"{'seed': [521, 737, 740, 660, 411, 678, 626, 513, 859, 136, 811, 76, 636, 973, 938, 899, 280, 883, 761, 319, 549, 174, 371, 527, 210, 235, 101, 986, 902, 947, 346, 139, 621, 499, 370, 198, 687, 584, 901, 59, 328, 96, 312, 974, 299, 277, 924, 601, 439, 837, 570, 879, 261, 578, 23, 30, 617, 10, 221, 820, 296, 54, 542, 209, 604, 692, 662, 866, 70, 543, 107, 493, 590, 741, 292, 289, 652, 39, 589, 307, 679, 66, 275, 67, 318, 548, 998, 714, 753, 327, 382, 451, 522, 218, 787, 436, 764, 88, 63, 826]}",COMPLETE
8,1234321.019411087,2026-02-18 14:25:07.926829,2026-02-18 14:28:30.439831,0 days 00:03:22.513002,811,8,"{'seed': [521, 737, 740, 660, 411, 678, 626, 513, 859, 136, 811, 76, 636, 973, 938, 899, 280, 883, 761, 319, 549, 174, 371, 527, 210, 235, 101, 986, 902, 947, 346, 139, 621, 499, 370, 198, 687, 584, 901, 59, 328, 96, 312, 974, 299, 277, 924, 601, 439, 837, 570, 879, 261, 578, 23, 30, 617, 10, 221, 820, 296, 54, 542, 209, 604, 692, 662, 866, 70, 543, 107, 493, 590, 741, 292, 289, 652, 39, 589, 307, 679, 66, 275, 67, 318, 548, 998, 714, 753, 327, 382, 451, 522, 218, 787, 436, 764, 88, 63, 826]}",COMPLETE
9,1227281.5961837769,2026-02-18 14:28:30.440380,2026-02-18 14:32:03.461195,0 days 00:03:33.020815,521,9,"{'seed': [521, 737, 740, 660, 411, 678, 626, 513, 859, 136, 811, 76, 636, 973, 938, 899, 280, 883, 761, 319, 549, 174, 371, 527, 210, 235, 101, 986, 902, 947, 346, 139, 621, 499, 370, 198, 687, 584, 901, 59, 328, 96, 312, 974, 299, 277, 924, 601, 439, 837, 570, 879, 261, 578, 23, 30, 617, 10, 221, 820, 296, 54, 542, 209, 604, 692, 662, 866, 70, 543, 107, 493, 590, 741, 292, 289, 652, 39, 589, 307, 679, 66, 275, 67, 318, 548, 998, 714, 753, 327, 382, 451, 522, 218, 787, 436, 764, 88, 63, 826]}",COMPLETE
10,1228017.3625946045,2026-02-18 14:32:03.461756,2026-02-18 14:35:39.929931,0 days 00:03:36.468175,761,10,"{'seed': [521, 737, 740, 660, 411, 678, 626, 513, 859, 136, 811, 76, 636, 973, 938, 899, 280, 883, 761, 319, 549, 174, 371, 527, 210, 235, 101, 986, 902, 947, 346, 139, 621, 499, 370, 198, 687, 584, 901, 59, 328, 96, 312, 974, 299, 277, 924, 601, 439, 837, 570, 879, 261, 578, 23, 30, 617, 10, 221, 820, 296, 54, 542, 209, 604, 692, 662, 866, 70, 543, 107, 493, 590, 741, 292, 289, 652, 39, 589, 307, 679, 66, 275, 67, 318, 548, 998, 714, 753, 327, 382, 451, 522, 218, 787, 436, 764, 88, 63, 826]}",COMPLETE
11,1311002.4032592773,2026-02-18 14:35:39.930422,2026-02-18 14:38:57.433932,0 days 00:03:17.503510,346,11,"{'seed': [521, 737, 740, 660, 411, 678, 626, 513, 859, 136, 811, 76, 636, 973, 938, 899, 280, 883, 761, 319, 549, 174, 371, 527, 210, 235, 101, 986, 902, 947, 346, 139, 621, 499, 370, 198, 687, 584, 901, 59, 328, 96, 312, 974, 299, 277, 924, 601, 439, 837, 570, 879, 261, 578, 23, 30, 617, 10, 221, 820, 296, 54, 542, 209, 604, 692, 662, 866, 70, 543, 107, 493, 590, 741, 292, 289, 652, 39, 589, 307, 679, 66, 275, 67, 318, 548, 998, 714, 753, 327, 382, 451, 522, 218, 787, 436, 764, 88, 63, 826]}",COMPLETE
12,1237027.6494026184,2026-02-18 14:38:57.434420,2026-02-18 14:42:32.877568,0 days 00:03:35.443148,741,12,"{'seed': [521, 737, 740, 660, 411, 678, 626, 513, 859, 136, 811, 76, 636, 973, 938, 899, 280, 883, 761, 319, 549, 174, 371, 527, 210, 235, 101, 986, 902, 947, 346, 139, 621, 499, 370, 198, 687, 584, 901, 59, 328, 96, 312, 974, 299, 277, 924, 601, 439, 837, 570, 879, 261, 578, 23, 30, 617, 10, 221, 820, 296, 54, 542, 209, 604, 692, 662, 866, 70, 543, 107, 493, 590, 741, 292, 289, 652, 39, 589, 307, 679, 66, 275, 67, 318, 548, 998, 714, 753, 327, 382, 451, 522, 218, 787, 436, 764, 88, 63, 826]}",COMPLETE
13,1337187.3750686646,2026-02-18 14:42:32.878013,2026-02-18 14:46:08.719186,0 days 00:03:35.841173,499,13,"{'seed': [521, 737, 740, 660, 411, 678, 626, 513, 859, 136, 811, 76, 636, 973, 938, 899, 280, 883, 761, 319, 549, 174, 371, 527, 210, 235, 101, 986, 902, 947, 346, 139, 621, 499, 370, 198, 687, 584, 901, 59, 328, 96, 312, 974, 299, 277, 924, 601, 439, 837, 570, 879, 261, 578, 23, 30, 617, 10, 221, 820, 296, 54, 542, 209, 604, 692, 662, 866, 70, 543, 107, 493, 590, 741, 292, 289, 652, 39, 589, 307, 679, 66, 275, 67, 318, 548, 998, 714, 753, 327, 382, 451, 522, 218, 787, 436, 764, 88, 63, 826]}",COMPLETE
14,1227878.119468689,2026-02-18 14:46:08.719612,2026-02-18 14:49:32.096357,0 days 00:03:23.376745,382,14,"{'seed': [521, 737, 740, 660, 411, 678, 626, 513, 859, 136, 811, 76, 636, 973, 938, 899, 280, 883, 761, 319, 549, 174, 371, 527, 210, 235, 101, 986, 902, 947, 346, 139, 621, 499, 370, 198, 687, 584, 901, 59, 328, 96, 312, 974, 299, 277, 924, 601, 439, 837, 570, 879, 261, 578, 23, 30, 617, 10, 221, 820, 296, 54, 542, 209, 604, 692, 662, 866, 70, 543, 107, 493, 590, 741, 292, 289, 652, 39, 589, 307, 679, 66, 275, 67, 318, 548, 998, 714, 753, 327, 382, 451, 522, 218, 787, 436, 764, 88, 63, 826]}",COMPLETE
15,1345159.429550171,2026-02-18 14:49:32.096857,2026-02-18 14:52:57.335145,0 days 00:03:25.238288,411,15,"{'seed': [521, 737, 740, 660, 411, 678, 626, 513, 859, 136, 811, 76, 636, 973, 938, 899, 280, 883, 761, 319, 549, 174, 371, 527, 210, 235, 101, 986, 902, 947, 346, 139, 621, 499, 370, 198, 687, 584, 901, 59, 328, 96, 312, 974, 299, 277, 924, 601, 439, 837, 570, 879, 261, 578, 23, 30, 617, 10, 221, 820, 296, 54, 542, 209, 604, 692, 662, 866, 70, 543, 107, 493, 590, 741, 292, 289, 652, 39, 589, 307, 679, 66, 275, 67, 318, 548, 998, 714, 753, 327, 382, 451, 522, 218, 787, 436, 764, 88, 63, 826]}",COMPLETE
16,1208741.0774230957,2026-02-18 14:52:57.335637,2026-02-18 14:56:22.911746,0 days 00:03:25.576109,652,16,"{'seed': [521, 737, 740, 660, 411, 678, 626, 513, 859, 136, 811, 76, 636, 973, 938, 899, 280, 883, 761, 319, 549, 174, 371, 527, 210, 235, 101, 986, 902, 947, 346, 139, 621, 499, 370, 198, 687, 584, 901, 59, 328, 96, 312, 974, 299, 277, 924, 601, 439, 837, 570, 879, 261, 578, 23, 30, 617, 10, 221, 820, 296, 54, 542, 209, 604, 692, 662, 866, 70, 543, 107, 493, 590, 741, 292, 289, 652, 39, 589, 307, 679, 66, 275, 67, 318, 548, 998, 714, 753, 327, 382, 451, 522, 218, 787, 436, 764, 88, 63, 826]}",COMPLETE
17,1232377.776145935,2026-02-18 14:56:22.912173,2026-02-18 14:59:48.906217,0 days 00:03:25.994044,39,17,"{'seed': [521, 737, 740, 660, 411, 678, 626, 513, 859, 136, 811, 76, 636, 973, 938, 899, 280, 883, 761, 319, 549, 174, 371, 527, 210, 235, 101, 986, 902, 947, 346, 139, 621, 499, 370, 198, 687, 584, 901, 59, 328, 96, 312, 974, 299, 277, 924, 601, 439, 837, 570, 879, 261, 578, 23, 30, 617, 10, 221, 820, 296, 54, 542, 209, 604, 692, 662, 866, 70, 543, 107, 493, 590, 741, 292, 289, 652, 39, 589, 307, 679, 66, 275, 67, 318, 548, 998, 714, 753, 327, 382, 451, 522, 218, 787, 436, 764, 88, 63, 826]}",COMPLETE
18,1338870.1829910278,2026-02-18 14:59:48.906852,2026-02-18 15:03:16.600802,0 days 00:03:27.693950,636,18,"{'seed': [521, 737, 740, 660, 411, 678, 626, 513, 859, 136, 811, 76, 636, 973, 938, 899, 280, 883, 761, 319, 549, 174, 371, 527, 210, 235, 101, 986, 902, 947, 346, 139, 621, 499, 370, 198, 687, 584, 901, 59, 328, 96, 312, 974, 299, 277, 924, 601, 439, 837, 570, 879, 261, 578, 23, 30, 617, 10, 221, 820, 296, 54, 542, 209, 604, 692, 662, 866, 70, 543, 107, 493, 590, 741, 292, 289, 652, 39, 589, 307, 679, 66, 275, 67, 318, 548, 998, 714, 753, 327, 382, 451, 522, 218, 787, 436, 764, 88, 63, 826]}",COMPLETE
19,1227387.0992660522,2026-02-18 15:03:16.601308,2026-02-18 15:06:41.309369,0 days 00:03:24.708061,139,19,"{'seed': [521, 737, 740, 660, 411, 678, 626, 513, 859, 136, 811, 76, 636, 973, 938, 899, 280, 883, 761, 319, 549, 174, 371, 527, 210, 235, 101, 986, 902, 947, 346, 139, 621, 499, 370, 198, 687, 584, 901, 59, 328, 96, 312, 974, 299, 277, 924, 601, 439, 837, 570, 879, 261, 578, 23, 30, 617, 10, 221, 820, 296, 54, 542, 209, 604, 692, 662, 866, 70, 543, 107, 493, 590, 741, 292, 289, 652, 39, 589, 307, 679, 66, 275, 67, 318, 548, 998, 714, 753, 327, 382, 451, 522, 218, 787, 436, 764, 88, 63, 826]}",COMPLETE
